<?xml version="1.0" encoding="UTF-8"?>
<!-- Generated by org.testng.reporters.JUnitReportReporter -->
<testsuite hostname="DESKTOP-JFDV80J" failures="0" tests="3" name="com.w3schools.qa.testcases.LoginPageTest" time="56.676" errors="0" timestamp="2022-01-11T16:04:02 SGT" skipped="0">
  <testcase classname="com.w3schools.qa.testcases.LoginPageTest" name="validateForgotPasswodLinkTest" time="15.597"/>
  <system-out/>
  <testcase classname="com.w3schools.qa.testcases.LoginPageTest" name="loginPageTitleTest" time="9.037"/>
  <system-out/>
  <testcase classname="com.w3schools.qa.testcases.LoginPageTest" name="loginTest" time="32.042"/>
  <system-out/>
</testsuite> <!-- com.w3schools.qa.testcases.LoginPageTest -->
