<?xml version="1.0" encoding="UTF-8"?>
<!-- Generated by org.testng.reporters.JUnitReportReporter -->
<testsuite hostname="DESKTOP-JFDV80J" failures="0" tests="2" name="com.w3schools.qa.testcases.HomePageTest" time="65.688" errors="0" timestamp="2022-01-11T16:05:52 SGT" skipped="0">
  <testcase classname="com.w3schools.qa.testcases.HomePageTest" name="verifyHomePageTitleTest" time="44.379"/>
  <system-out/>
  <testcase classname="com.w3schools.qa.testcases.HomePageTest" name="clickOnLearnHtmlPageLinkTest" time="21.309"/>
  <system-out/>
</testsuite> <!-- com.w3schools.qa.testcases.HomePageTest -->
